{"C:\\Users\\heng\\AppWorks School\\week1\\app.js": {"path":"C:\\Users\\heng\\AppWorks School\\week1\\app.js","statementMap":{"0":{"start":{"line":3,"column":10},"end":{"line":3,"column":27}},"1":{"start":{"line":4,"column":11},"end":{"line":4,"column":26}},"2":{"start":{"line":5,"column":12},"end":{"line":5,"column":28}},"3":{"start":{"line":6,"column":14},"end":{"line":6,"column":32}},"4":{"start":{"line":7,"column":15},"end":{"line":7,"column":32}},"5":{"start":{"line":8,"column":14},"end":{"line":16,"column":2}},"6":{"start":{"line":10,"column":8},"end":{"line":10,"column":31}},"7":{"start":{"line":14,"column":8},"end":{"line":14,"column":49}},"8":{"start":{"line":18,"column":13},"end":{"line":18,"column":41}},"9":{"start":{"line":19,"column":0},"end":{"line":19,"column":27}},"10":{"start":{"line":20,"column":10},"end":{"line":20,"column":19}},"11":{"start":{"line":21,"column":13},"end":{"line":21,"column":29}},"12":{"start":{"line":23,"column":17},"end":{"line":23,"column":39}},"13":{"start":{"line":24,"column":21},"end":{"line":24,"column":38}},"14":{"start":{"line":25,"column":0},"end":{"line":25,"column":15}},"15":{"start":{"line":26,"column":0},"end":{"line":26,"column":44}},"16":{"start":{"line":27,"column":0},"end":{"line":27,"column":32}},"17":{"start":{"line":28,"column":0},"end":{"line":28,"column":16}},"18":{"start":{"line":29,"column":0},"end":{"line":29,"column":27}},"19":{"start":{"line":30,"column":0},"end":{"line":30,"column":76}},"20":{"start":{"line":31,"column":0},"end":{"line":31,"column":44}},"21":{"start":{"line":32,"column":0},"end":{"line":32,"column":37}},"22":{"start":{"line":34,"column":0},"end":{"line":36,"column":3}},"23":{"start":{"line":35,"column":4},"end":{"line":35,"column":36}},"24":{"start":{"line":37,"column":0},"end":{"line":39,"column":3}},"25":{"start":{"line":38,"column":4},"end":{"line":38,"column":52}},"26":{"start":{"line":41,"column":13},"end":{"line":46,"column":2}},"27":{"start":{"line":48,"column":0},"end":{"line":81,"column":3}},"28":{"start":{"line":50,"column":4},"end":{"line":52,"column":6}},"29":{"start":{"line":51,"column":8},"end":{"line":51,"column":29}},"30":{"start":{"line":53,"column":17},"end":{"line":53,"column":33}},"31":{"start":{"line":56,"column":4},"end":{"line":78,"column":6}},"32":{"start":{"line":57,"column":8},"end":{"line":77,"column":11}},"33":{"start":{"line":58,"column":12},"end":{"line":62,"column":13}},"34":{"start":{"line":59,"column":16},"end":{"line":59,"column":49}},"35":{"start":{"line":61,"column":16},"end":{"line":61,"column":25}},"36":{"start":{"line":63,"column":12},"end":{"line":63,"column":35}},"37":{"start":{"line":63,"column":23},"end":{"line":63,"column":35}},"38":{"start":{"line":64,"column":12},"end":{"line":76,"column":13}},"39":{"start":{"line":65,"column":16},"end":{"line":65,"column":74}},"40":{"start":{"line":66,"column":16},"end":{"line":70,"column":18}},"41":{"start":{"line":72,"column":16},"end":{"line":75,"column":19}},"42":{"start":{"line":83,"column":0},"end":{"line":126,"column":3}},"43":{"start":{"line":84,"column":18},"end":{"line":84,"column":35}},"44":{"start":{"line":85,"column":17},"end":{"line":85,"column":33}},"45":{"start":{"line":86,"column":4},"end":{"line":88,"column":5}},"46":{"start":{"line":87,"column":8},"end":{"line":87,"column":25}},"47":{"start":{"line":89,"column":4},"end":{"line":89,"column":25}},"48":{"start":{"line":90,"column":4},"end":{"line":125,"column":5}},"49":{"start":{"line":92,"column":8},"end":{"line":94,"column":10}},"50":{"start":{"line":93,"column":12},"end":{"line":93,"column":33}},"51":{"start":{"line":96,"column":8},"end":{"line":117,"column":11}},"52":{"start":{"line":97,"column":12},"end":{"line":101,"column":13}},"53":{"start":{"line":98,"column":25},"end":{"line":98,"column":52}},"54":{"start":{"line":100,"column":16},"end":{"line":100,"column":25}},"55":{"start":{"line":102,"column":12},"end":{"line":102,"column":35}},"56":{"start":{"line":102,"column":23},"end":{"line":102,"column":35}},"57":{"start":{"line":103,"column":12},"end":{"line":115,"column":13}},"58":{"start":{"line":104,"column":16},"end":{"line":108,"column":18}},"59":{"start":{"line":110,"column":16},"end":{"line":114,"column":19}},"60":{"start":{"line":119,"column":8},"end":{"line":124,"column":10}},"61":{"start":{"line":120,"column":12},"end":{"line":120,"column":35}},"62":{"start":{"line":120,"column":23},"end":{"line":120,"column":35}},"63":{"start":{"line":121,"column":12},"end":{"line":123,"column":14}},"64":{"start":{"line":128,"column":0},"end":{"line":142,"column":3}},"65":{"start":{"line":129,"column":13},"end":{"line":129,"column":26}},"66":{"start":{"line":130,"column":4},"end":{"line":131,"column":5}},"67":{"start":{"line":132,"column":4},"end":{"line":132,"column":20}},"68":{"start":{"line":133,"column":4},"end":{"line":141,"column":5}},"69":{"start":{"line":134,"column":8},"end":{"line":140,"column":11}},"70":{"start":{"line":135,"column":12},"end":{"line":135,"column":35}},"71":{"start":{"line":135,"column":23},"end":{"line":135,"column":35}},"72":{"start":{"line":136,"column":12},"end":{"line":138,"column":14}},"73":{"start":{"line":145,"column":0},"end":{"line":188,"column":3}},"74":{"start":{"line":146,"column":15},"end":{"line":146,"column":29}},"75":{"start":{"line":147,"column":17},"end":{"line":147,"column":33}},"76":{"start":{"line":148,"column":4},"end":{"line":150,"column":5}},"77":{"start":{"line":149,"column":8},"end":{"line":149,"column":25}},"78":{"start":{"line":151,"column":4},"end":{"line":151,"column":22}},"79":{"start":{"line":152,"column":4},"end":{"line":187,"column":5}},"80":{"start":{"line":154,"column":8},"end":{"line":156,"column":10}},"81":{"start":{"line":155,"column":12},"end":{"line":155,"column":33}},"82":{"start":{"line":158,"column":8},"end":{"line":179,"column":11}},"83":{"start":{"line":159,"column":12},"end":{"line":159,"column":28}},"84":{"start":{"line":160,"column":12},"end":{"line":164,"column":13}},"85":{"start":{"line":161,"column":25},"end":{"line":161,"column":51}},"86":{"start":{"line":163,"column":16},"end":{"line":163,"column":25}},"87":{"start":{"line":165,"column":12},"end":{"line":165,"column":35}},"88":{"start":{"line":165,"column":23},"end":{"line":165,"column":35}},"89":{"start":{"line":166,"column":12},"end":{"line":177,"column":13}},"90":{"start":{"line":167,"column":16},"end":{"line":171,"column":18}},"91":{"start":{"line":173,"column":16},"end":{"line":176,"column":19}},"92":{"start":{"line":181,"column":8},"end":{"line":186,"column":10}},"93":{"start":{"line":182,"column":12},"end":{"line":182,"column":35}},"94":{"start":{"line":182,"column":23},"end":{"line":182,"column":35}},"95":{"start":{"line":183,"column":12},"end":{"line":185,"column":14}},"96":{"start":{"line":232,"column":0},"end":{"line":260,"column":3}},"97":{"start":{"line":233,"column":14},"end":{"line":233,"column":26}},"98":{"start":{"line":234,"column":16},"end":{"line":234,"column":30}},"99":{"start":{"line":235,"column":15},"end":{"line":235,"column":28}},"100":{"start":{"line":236,"column":14},"end":{"line":236,"column":26}},"101":{"start":{"line":237,"column":16},"end":{"line":237,"column":30}},"102":{"start":{"line":238,"column":15},"end":{"line":238,"column":28}},"103":{"start":{"line":239,"column":15},"end":{"line":239,"column":28}},"104":{"start":{"line":240,"column":19},"end":{"line":240,"column":37}},"105":{"start":{"line":241,"column":16},"end":{"line":241,"column":31}},"106":{"start":{"line":242,"column":17},"end":{"line":242,"column":68}},"107":{"start":{"line":244,"column":4},"end":{"line":259,"column":7}},"108":{"start":{"line":245,"column":8},"end":{"line":245,"column":45}},"109":{"start":{"line":246,"column":8},"end":{"line":252,"column":9}},"110":{"start":{"line":247,"column":12},"end":{"line":249,"column":15}},"111":{"start":{"line":248,"column":16},"end":{"line":248,"column":39}},"112":{"start":{"line":248,"column":27},"end":{"line":248,"column":39}},"113":{"start":{"line":251,"column":12},"end":{"line":251,"column":46}},"114":{"start":{"line":253,"column":8},"end":{"line":258,"column":11}},"115":{"start":{"line":254,"column":12},"end":{"line":254,"column":35}},"116":{"start":{"line":254,"column":23},"end":{"line":254,"column":35}},"117":{"start":{"line":255,"column":12},"end":{"line":257,"column":14}},"118":{"start":{"line":263,"column":0},"end":{"line":263,"column":27}},"119":{"start":{"line":264,"column":0},"end":{"line":264,"column":21}}},"fnMap":{"0":{"name":"(anonymous_0)","decl":{"start":{"line":9,"column":17},"end":{"line":9,"column":18}},"loc":{"start":{"line":9,"column":42},"end":{"line":11,"column":5}},"line":9},"1":{"name":"(anonymous_1)","decl":{"start":{"line":13,"column":14},"end":{"line":13,"column":15}},"loc":{"start":{"line":13,"column":39},"end":{"line":15,"column":5}},"line":13},"2":{"name":"(anonymous_2)","decl":{"start":{"line":34,"column":13},"end":{"line":34,"column":14}},"loc":{"start":{"line":34,"column":33},"end":{"line":36,"column":1}},"line":34},"3":{"name":"(anonymous_3)","decl":{"start":{"line":37,"column":17},"end":{"line":37,"column":18}},"loc":{"start":{"line":37,"column":29},"end":{"line":39,"column":1}},"line":37},"4":{"name":"(anonymous_4)","decl":{"start":{"line":48,"column":24},"end":{"line":48,"column":25}},"loc":{"start":{"line":48,"column":44},"end":{"line":81,"column":1}},"line":48},"5":{"name":"(anonymous_5)","decl":{"start":{"line":50,"column":58},"end":{"line":50,"column":59}},"loc":{"start":{"line":50,"column":92},"end":{"line":52,"column":5}},"line":50},"6":{"name":"(anonymous_6)","decl":{"start":{"line":57,"column":226},"end":{"line":57,"column":227}},"loc":{"start":{"line":57,"column":260},"end":{"line":77,"column":9}},"line":57},"7":{"name":"(anonymous_7)","decl":{"start":{"line":83,"column":31},"end":{"line":83,"column":32}},"loc":{"start":{"line":83,"column":51},"end":{"line":126,"column":1}},"line":83},"8":{"name":"(anonymous_8)","decl":{"start":{"line":92,"column":97},"end":{"line":92,"column":98}},"loc":{"start":{"line":92,"column":131},"end":{"line":94,"column":9}},"line":92},"9":{"name":"(anonymous_9)","decl":{"start":{"line":96,"column":263},"end":{"line":96,"column":264}},"loc":{"start":{"line":96,"column":297},"end":{"line":117,"column":9}},"line":96},"10":{"name":"(anonymous_10)","decl":{"start":{"line":119,"column":82},"end":{"line":119,"column":83}},"loc":{"start":{"line":119,"column":116},"end":{"line":124,"column":9}},"line":119},"11":{"name":"(anonymous_11)","decl":{"start":{"line":128,"column":36},"end":{"line":128,"column":37}},"loc":{"start":{"line":128,"column":56},"end":{"line":142,"column":1}},"line":128},"12":{"name":"(anonymous_12)","decl":{"start":{"line":134,"column":191},"end":{"line":134,"column":192}},"loc":{"start":{"line":134,"column":225},"end":{"line":140,"column":9}},"line":134},"13":{"name":"(anonymous_13)","decl":{"start":{"line":145,"column":28},"end":{"line":145,"column":29}},"loc":{"start":{"line":145,"column":45},"end":{"line":188,"column":1}},"line":145},"14":{"name":"(anonymous_14)","decl":{"start":{"line":154,"column":88},"end":{"line":154,"column":89}},"loc":{"start":{"line":154,"column":122},"end":{"line":156,"column":9}},"line":154},"15":{"name":"(anonymous_15)","decl":{"start":{"line":158,"column":253},"end":{"line":158,"column":254}},"loc":{"start":{"line":158,"column":287},"end":{"line":179,"column":9}},"line":158},"16":{"name":"(anonymous_16)","decl":{"start":{"line":181,"column":73},"end":{"line":181,"column":74}},"loc":{"start":{"line":181,"column":107},"end":{"line":186,"column":9}},"line":181},"17":{"name":"(anonymous_17)","decl":{"start":{"line":232,"column":42},"end":{"line":232,"column":43}},"loc":{"start":{"line":232,"column":68},"end":{"line":260,"column":1}},"line":232},"18":{"name":"(anonymous_18)","decl":{"start":{"line":244,"column":78},"end":{"line":244,"column":79}},"loc":{"start":{"line":244,"column":112},"end":{"line":259,"column":5}},"line":244},"19":{"name":"(anonymous_19)","decl":{"start":{"line":247,"column":143},"end":{"line":247,"column":144}},"loc":{"start":{"line":247,"column":177},"end":{"line":249,"column":13}},"line":247},"20":{"name":"(anonymous_20)","decl":{"start":{"line":253,"column":144},"end":{"line":253,"column":145}},"loc":{"start":{"line":253,"column":178},"end":{"line":258,"column":9}},"line":253}},"branchMap":{"0":{"loc":{"start":{"line":56,"column":4},"end":{"line":78,"column":6}},"type":"if","locations":[{"start":{"line":56,"column":4},"end":{"line":78,"column":6}},{"start":{},"end":{}}],"line":56},"1":{"loc":{"start":{"line":58,"column":12},"end":{"line":62,"column":13}},"type":"if","locations":[{"start":{"line":58,"column":12},"end":{"line":62,"column":13}},{"start":{"line":60,"column":17},"end":{"line":62,"column":13}}],"line":58},"2":{"loc":{"start":{"line":63,"column":12},"end":{"line":63,"column":35}},"type":"if","locations":[{"start":{"line":63,"column":12},"end":{"line":63,"column":35}},{"start":{},"end":{}}],"line":63},"3":{"loc":{"start":{"line":64,"column":12},"end":{"line":76,"column":13}},"type":"if","locations":[{"start":{"line":64,"column":12},"end":{"line":76,"column":13}},{"start":{"line":71,"column":19},"end":{"line":76,"column":13}}],"line":64},"4":{"loc":{"start":{"line":86,"column":4},"end":{"line":88,"column":5}},"type":"if","locations":[{"start":{"line":86,"column":4},"end":{"line":88,"column":5}},{"start":{},"end":{}}],"line":86},"5":{"loc":{"start":{"line":90,"column":4},"end":{"line":125,"column":5}},"type":"if","locations":[{"start":{"line":90,"column":4},"end":{"line":125,"column":5}},{"start":{"line":118,"column":11},"end":{"line":125,"column":5}}],"line":90},"6":{"loc":{"start":{"line":97,"column":12},"end":{"line":101,"column":13}},"type":"if","locations":[{"start":{"line":97,"column":12},"end":{"line":101,"column":13}},{"start":{"line":99,"column":17},"end":{"line":101,"column":13}}],"line":97},"7":{"loc":{"start":{"line":102,"column":12},"end":{"line":102,"column":35}},"type":"if","locations":[{"start":{"line":102,"column":12},"end":{"line":102,"column":35}},{"start":{},"end":{}}],"line":102},"8":{"loc":{"start":{"line":103,"column":12},"end":{"line":115,"column":13}},"type":"if","locations":[{"start":{"line":103,"column":12},"end":{"line":115,"column":13}},{"start":{"line":109,"column":19},"end":{"line":115,"column":13}}],"line":103},"9":{"loc":{"start":{"line":120,"column":12},"end":{"line":120,"column":35}},"type":"if","locations":[{"start":{"line":120,"column":12},"end":{"line":120,"column":35}},{"start":{},"end":{}}],"line":120},"10":{"loc":{"start":{"line":130,"column":4},"end":{"line":131,"column":5}},"type":"if","locations":[{"start":{"line":130,"column":4},"end":{"line":131,"column":5}},{"start":{},"end":{}}],"line":130},"11":{"loc":{"start":{"line":133,"column":4},"end":{"line":141,"column":5}},"type":"if","locations":[{"start":{"line":133,"column":4},"end":{"line":141,"column":5}},{"start":{},"end":{}}],"line":133},"12":{"loc":{"start":{"line":135,"column":12},"end":{"line":135,"column":35}},"type":"if","locations":[{"start":{"line":135,"column":12},"end":{"line":135,"column":35}},{"start":{},"end":{}}],"line":135},"13":{"loc":{"start":{"line":148,"column":4},"end":{"line":150,"column":5}},"type":"if","locations":[{"start":{"line":148,"column":4},"end":{"line":150,"column":5}},{"start":{},"end":{}}],"line":148},"14":{"loc":{"start":{"line":152,"column":4},"end":{"line":187,"column":5}},"type":"if","locations":[{"start":{"line":152,"column":4},"end":{"line":187,"column":5}},{"start":{"line":180,"column":11},"end":{"line":187,"column":5}}],"line":152},"15":{"loc":{"start":{"line":160,"column":12},"end":{"line":164,"column":13}},"type":"if","locations":[{"start":{"line":160,"column":12},"end":{"line":164,"column":13}},{"start":{"line":162,"column":17},"end":{"line":164,"column":13}}],"line":160},"16":{"loc":{"start":{"line":165,"column":12},"end":{"line":165,"column":35}},"type":"if","locations":[{"start":{"line":165,"column":12},"end":{"line":165,"column":35}},{"start":{},"end":{}}],"line":165},"17":{"loc":{"start":{"line":166,"column":12},"end":{"line":177,"column":13}},"type":"if","locations":[{"start":{"line":166,"column":12},"end":{"line":177,"column":13}},{"start":{"line":172,"column":19},"end":{"line":177,"column":13}}],"line":166},"18":{"loc":{"start":{"line":182,"column":12},"end":{"line":182,"column":35}},"type":"if","locations":[{"start":{"line":182,"column":12},"end":{"line":182,"column":35}},{"start":{},"end":{}}],"line":182},"19":{"loc":{"start":{"line":246,"column":8},"end":{"line":252,"column":9}},"type":"if","locations":[{"start":{"line":246,"column":8},"end":{"line":252,"column":9}},{"start":{"line":250,"column":15},"end":{"line":252,"column":9}}],"line":246},"20":{"loc":{"start":{"line":248,"column":16},"end":{"line":248,"column":39}},"type":"if","locations":[{"start":{"line":248,"column":16},"end":{"line":248,"column":39}},{"start":{},"end":{}}],"line":248},"21":{"loc":{"start":{"line":254,"column":12},"end":{"line":254,"column":35}},"type":"if","locations":[{"start":{"line":254,"column":12},"end":{"line":254,"column":35}},{"start":{},"end":{}}],"line":254}},"s":{"0":1,"1":1,"2":1,"3":1,"4":1,"5":1,"6":0,"7":0,"8":1,"9":1,"10":1,"11":1,"12":1,"13":1,"14":1,"15":1,"16":1,"17":1,"18":1,"19":1,"20":1,"21":1,"22":1,"23":0,"24":1,"25":1,"26":1,"27":1,"28":1,"29":1,"30":1,"31":1,"32":1,"33":1,"34":1,"35":0,"36":1,"37":0,"38":1,"39":1,"40":1,"41":0,"42":1,"43":0,"44":0,"45":0,"46":0,"47":0,"48":0,"49":0,"50":0,"51":0,"52":0,"53":0,"54":0,"55":0,"56":0,"57":0,"58":0,"59":0,"60":0,"61":0,"62":0,"63":0,"64":1,"65":2,"66":2,"67":2,"68":2,"69":2,"70":2,"71":0,"72":2,"73":1,"74":0,"75":0,"76":0,"77":0,"78":0,"79":0,"80":0,"81":0,"82":0,"83":0,"84":0,"85":0,"86":0,"87":0,"88":0,"89":0,"90":0,"91":0,"92":0,"93":0,"94":0,"95":0,"96":1,"97":0,"98":0,"99":0,"100":0,"101":0,"102":0,"103":0,"104":0,"105":0,"106":0,"107":0,"108":0,"109":0,"110":0,"111":0,"112":0,"113":0,"114":0,"115":0,"116":0,"117":0,"118":1,"119":1},"f":{"0":0,"1":0,"2":0,"3":1,"4":1,"5":1,"6":1,"7":0,"8":0,"9":0,"10":0,"11":2,"12":2,"13":0,"14":0,"15":0,"16":0,"17":0,"18":0,"19":0,"20":0},"b":{"0":[1,0],"1":[1,0],"2":[0,1],"3":[1,0],"4":[0,0],"5":[0,0],"6":[0,0],"7":[0,0],"8":[0,0],"9":[0,0],"10":[0,2],"11":[2,0],"12":[0,2],"13":[0,0],"14":[0,0],"15":[0,0],"16":[0,0],"17":[0,0],"18":[0,0],"19":[0,0],"20":[0,0],"21":[0,0]},"_coverageSchema":"1a1c01bbd47fc00a2c39e90264f33305004495a9","hash":"e0310fd10945f6c605804f7dfde99bd1ca0b3646"}
,"C:\\Users\\heng\\AppWorks School\\week1\\check.js": {"path":"C:\\Users\\heng\\AppWorks School\\week1\\check.js","statementMap":{"0":{"start":{"line":1,"column":14},"end":{"line":1,"column":32}},"1":{"start":{"line":2,"column":11},"end":{"line":2,"column":26}},"2":{"start":{"line":3,"column":12},"end":{"line":3,"column":35}},"3":{"start":{"line":4,"column":17},"end":{"line":4,"column":39}},"4":{"start":{"line":5,"column":14},"end":{"line":5,"column":30}},"5":{"start":{"line":6,"column":12},"end":{"line":6,"column":28}},"6":{"start":{"line":7,"column":10},"end":{"line":7,"column":19}},"7":{"start":{"line":8,"column":0},"end":{"line":8,"column":15}},"8":{"start":{"line":9,"column":0},"end":{"line":9,"column":26}},"9":{"start":{"line":10,"column":0},"end":{"line":10,"column":52}},"10":{"start":{"line":11,"column":13},"end":{"line":16,"column":2}},"11":{"start":{"line":17,"column":0},"end":{"line":71,"column":2}},"12":{"start":{"line":19,"column":4},"end":{"line":69,"column":5}},"13":{"start":{"line":20,"column":22},"end":{"line":20,"column":72}},"14":{"start":{"line":21,"column":24},"end":{"line":21,"column":50}},"15":{"start":{"line":22,"column":8},"end":{"line":22,"column":28}},"16":{"start":{"line":23,"column":20},"end":{"line":23,"column":34}},"17":{"start":{"line":24,"column":19},"end":{"line":24,"column":32}},"18":{"start":{"line":25,"column":19},"end":{"line":25,"column":32}},"19":{"start":{"line":26,"column":18},"end":{"line":26,"column":34}},"20":{"start":{"line":27,"column":19},"end":{"line":27,"column":32}},"21":{"start":{"line":28,"column":20},"end":{"line":28,"column":34}},"22":{"start":{"line":29,"column":21},"end":{"line":29,"column":36}},"23":{"start":{"line":30,"column":8},"end":{"line":33,"column":10}},"24":{"start":{"line":31,"column":12},"end":{"line":31,"column":35}},"25":{"start":{"line":31,"column":23},"end":{"line":31,"column":35}},"26":{"start":{"line":32,"column":12},"end":{"line":32,"column":41}},"27":{"start":{"line":34,"column":26},"end":{"line":47,"column":9}},"28":{"start":{"line":49,"column":8},"end":{"line":65,"column":11}},"29":{"start":{"line":54,"column":12},"end":{"line":54,"column":39}},"30":{"start":{"line":55,"column":23},"end":{"line":55,"column":56}},"31":{"start":{"line":56,"column":24},"end":{"line":56,"column":44}},"32":{"start":{"line":57,"column":12},"end":{"line":65,"column":9}},"33":{"start":{"line":58,"column":12},"end":{"line":61,"column":14}},"34":{"start":{"line":59,"column":16},"end":{"line":59,"column":39}},"35":{"start":{"line":59,"column":27},"end":{"line":59,"column":39}},"36":{"start":{"line":60,"column":16},"end":{"line":60,"column":43}},"37":{"start":{"line":62,"column":12},"end":{"line":64,"column":14}},"38":{"start":{"line":68,"column":8},"end":{"line":68,"column":64}},"39":{"start":{"line":74,"column":0},"end":{"line":74,"column":21}}},"fnMap":{"0":{"name":"(anonymous_0)","decl":{"start":{"line":17,"column":26},"end":{"line":17,"column":27}},"loc":{"start":{"line":17,"column":46},"end":{"line":71,"column":1}},"line":17},"1":{"name":"(anonymous_1)","decl":{"start":{"line":30,"column":174},"end":{"line":30,"column":175}},"loc":{"start":{"line":30,"column":208},"end":{"line":33,"column":9}},"line":30},"2":{"name":"(anonymous_2)","decl":{"start":{"line":53,"column":16},"end":{"line":53,"column":17}},"loc":{"start":{"line":53,"column":30},"end":{"line":65,"column":10}},"line":53},"3":{"name":"(anonymous_3)","decl":{"start":{"line":58,"column":133},"end":{"line":58,"column":134}},"loc":{"start":{"line":58,"column":167},"end":{"line":61,"column":13}},"line":58}},"branchMap":{"0":{"loc":{"start":{"line":31,"column":12},"end":{"line":31,"column":35}},"type":"if","locations":[{"start":{"line":31,"column":12},"end":{"line":31,"column":35}},{"start":{},"end":{}}],"line":31},"1":{"loc":{"start":{"line":57,"column":12},"end":{"line":65,"column":9}},"type":"if","locations":[{"start":{"line":57,"column":12},"end":{"line":65,"column":9}},{"start":{},"end":{}}],"line":57},"2":{"loc":{"start":{"line":59,"column":16},"end":{"line":59,"column":39}},"type":"if","locations":[{"start":{"line":59,"column":16},"end":{"line":59,"column":39}},{"start":{},"end":{}}],"line":59}},"s":{"0":1,"1":1,"2":1,"3":1,"4":1,"5":1,"6":1,"7":1,"8":1,"9":1,"10":1,"11":1,"12":0,"13":0,"14":0,"15":0,"16":0,"17":0,"18":0,"19":0,"20":0,"21":0,"22":0,"23":0,"24":0,"25":0,"26":0,"27":0,"28":0,"29":0,"30":0,"31":0,"32":0,"33":0,"34":0,"35":0,"36":0,"37":0,"38":0,"39":1},"f":{"0":0,"1":0,"2":0,"3":0},"b":{"0":[0,0],"1":[0,0],"2":[0,0]},"_coverageSchema":"1a1c01bbd47fc00a2c39e90264f33305004495a9","hash":"b9af0a78fa10ac6614839f8ab314c7faaf1d6939"}
,"C:\\Users\\heng\\AppWorks School\\week1\\user.js": {"path":"C:\\Users\\heng\\AppWorks School\\week1\\user.js","statementMap":{"0":{"start":{"line":1,"column":12},"end":{"line":1,"column":35}},"1":{"start":{"line":2,"column":0},"end":{"line":2,"column":27}},"2":{"start":{"line":3,"column":15},"end":{"line":3,"column":32}},"3":{"start":{"line":4,"column":14},"end":{"line":4,"column":32}},"4":{"start":{"line":5,"column":12},"end":{"line":5,"column":28}},"5":{"start":{"line":6,"column":17},"end":{"line":6,"column":39}},"6":{"start":{"line":7,"column":10},"end":{"line":7,"column":19}},"7":{"start":{"line":8,"column":11},"end":{"line":8,"column":26}},"8":{"start":{"line":9,"column":0},"end":{"line":9,"column":15}},"9":{"start":{"line":13,"column":0},"end":{"line":13,"column":52}},"10":{"start":{"line":14,"column":0},"end":{"line":14,"column":27}},"11":{"start":{"line":16,"column":13},"end":{"line":21,"column":2}},"12":{"start":{"line":23,"column":0},"end":{"line":46,"column":2}},"13":{"start":{"line":24,"column":14},"end":{"line":24,"column":26}},"14":{"start":{"line":25,"column":14},"end":{"line":25,"column":26}},"15":{"start":{"line":26,"column":16},"end":{"line":26,"column":30}},"16":{"start":{"line":27,"column":14},"end":{"line":27,"column":26}},"17":{"start":{"line":28,"column":15},"end":{"line":28,"column":28}},"18":{"start":{"line":29,"column":4},"end":{"line":29,"column":35}},"19":{"start":{"line":30,"column":4},"end":{"line":30,"column":26}},"20":{"start":{"line":32,"column":4},"end":{"line":45,"column":6}},"21":{"start":{"line":33,"column":8},"end":{"line":44,"column":9}},"22":{"start":{"line":34,"column":12},"end":{"line":34,"column":89}},"23":{"start":{"line":36,"column":12},"end":{"line":36,"column":30}},"24":{"start":{"line":37,"column":12},"end":{"line":37,"column":29}},"25":{"start":{"line":38,"column":12},"end":{"line":38,"column":29}},"26":{"start":{"line":39,"column":12},"end":{"line":39,"column":41}},"27":{"start":{"line":40,"column":12},"end":{"line":40,"column":29}},"28":{"start":{"line":41,"column":12},"end":{"line":43,"column":14}},"29":{"start":{"line":42,"column":16},"end":{"line":42,"column":54}},"30":{"start":{"line":47,"column":0},"end":{"line":90,"column":3}},"31":{"start":{"line":48,"column":14},"end":{"line":48,"column":26}},"32":{"start":{"line":49,"column":14},"end":{"line":49,"column":26}},"33":{"start":{"line":51,"column":4},"end":{"line":89,"column":6}},"34":{"start":{"line":52,"column":8},"end":{"line":87,"column":9}},"35":{"start":{"line":53,"column":12},"end":{"line":53,"column":90}},"36":{"start":{"line":55,"column":12},"end":{"line":86,"column":15}},"37":{"start":{"line":56,"column":16},"end":{"line":84,"column":17}},"38":{"start":{"line":57,"column":32},"end":{"line":57,"column":76}},"39":{"start":{"line":58,"column":20},"end":{"line":60,"column":21}},"40":{"start":{"line":59,"column":24},"end":{"line":59,"column":61}},"41":{"start":{"line":61,"column":36},"end":{"line":66,"column":21}},"42":{"start":{"line":67,"column":34},"end":{"line":67,"column":96}},"43":{"start":{"line":68,"column":20},"end":{"line":68,"column":78}},"44":{"start":{"line":70,"column":20},"end":{"line":83,"column":22}},"45":{"start":{"line":71,"column":36},"end":{"line":71,"column":80}},"46":{"start":{"line":72,"column":20},"end":{"line":74,"column":21}},"47":{"start":{"line":73,"column":24},"end":{"line":73,"column":61}},"48":{"start":{"line":75,"column":36},"end":{"line":80,"column":21}},"49":{"start":{"line":81,"column":34},"end":{"line":81,"column":96}},"50":{"start":{"line":82,"column":20},"end":{"line":82,"column":78}},"51":{"start":{"line":91,"column":0},"end":{"line":107,"column":2}},"52":{"start":{"line":93,"column":4},"end":{"line":106,"column":5}},"53":{"start":{"line":94,"column":22},"end":{"line":94,"column":72}},"54":{"start":{"line":95,"column":24},"end":{"line":95,"column":64}},"55":{"start":{"line":96,"column":8},"end":{"line":96,"column":28}},"56":{"start":{"line":97,"column":8},"end":{"line":97,"column":32}},"57":{"start":{"line":98,"column":8},"end":{"line":98,"column":29}},"58":{"start":{"line":99,"column":8},"end":{"line":99,"column":36}},"59":{"start":{"line":105,"column":8},"end":{"line":105,"column":64}},"60":{"start":{"line":110,"column":0},"end":{"line":110,"column":21}}},"fnMap":{"0":{"name":"(anonymous_0)","decl":{"start":{"line":23,"column":51},"end":{"line":23,"column":52}},"loc":{"start":{"line":23,"column":77},"end":{"line":46,"column":1}},"line":23},"1":{"name":"(anonymous_1)","decl":{"start":{"line":32,"column":90},"end":{"line":32,"column":91}},"loc":{"start":{"line":32,"column":124},"end":{"line":45,"column":5}},"line":32},"2":{"name":"(anonymous_2)","decl":{"start":{"line":41,"column":143},"end":{"line":41,"column":144}},"loc":{"start":{"line":41,"column":177},"end":{"line":43,"column":13}},"line":41},"3":{"name":"(anonymous_3)","decl":{"start":{"line":47,"column":51},"end":{"line":47,"column":52}},"loc":{"start":{"line":47,"column":77},"end":{"line":90,"column":1}},"line":47},"4":{"name":"(anonymous_4)","decl":{"start":{"line":51,"column":90},"end":{"line":51,"column":91}},"loc":{"start":{"line":51,"column":124},"end":{"line":89,"column":5}},"line":51},"5":{"name":"(anonymous_5)","decl":{"start":{"line":55,"column":139},"end":{"line":55,"column":140}},"loc":{"start":{"line":55,"column":179},"end":{"line":86,"column":13}},"line":55},"6":{"name":"(anonymous_6)","decl":{"start":{"line":70,"column":102},"end":{"line":70,"column":103}},"loc":{"start":{"line":70,"column":142},"end":{"line":83,"column":21}},"line":70},"7":{"name":"(anonymous_7)","decl":{"start":{"line":91,"column":20},"end":{"line":91,"column":21}},"loc":{"start":{"line":91,"column":46},"end":{"line":107,"column":1}},"line":91}},"branchMap":{"0":{"loc":{"start":{"line":33,"column":8},"end":{"line":44,"column":9}},"type":"if","locations":[{"start":{"line":33,"column":8},"end":{"line":44,"column":9}},{"start":{"line":35,"column":15},"end":{"line":44,"column":9}}],"line":33},"1":{"loc":{"start":{"line":52,"column":8},"end":{"line":87,"column":9}},"type":"if","locations":[{"start":{"line":52,"column":8},"end":{"line":87,"column":9}},{"start":{"line":54,"column":15},"end":{"line":87,"column":9}}],"line":52},"2":{"loc":{"start":{"line":56,"column":16},"end":{"line":84,"column":17}},"type":"if","locations":[{"start":{"line":56,"column":16},"end":{"line":84,"column":17}},{"start":{"line":69,"column":21},"end":{"line":84,"column":17}}],"line":56},"3":{"loc":{"start":{"line":58,"column":20},"end":{"line":60,"column":21}},"type":"if","locations":[{"start":{"line":58,"column":20},"end":{"line":60,"column":21}},{"start":{},"end":{}}],"line":58},"4":{"loc":{"start":{"line":72,"column":20},"end":{"line":74,"column":21}},"type":"if","locations":[{"start":{"line":72,"column":20},"end":{"line":74,"column":21}},{"start":{},"end":{}}],"line":72}},"s":{"0":1,"1":1,"2":1,"3":1,"4":1,"5":1,"6":1,"7":1,"8":1,"9":1,"10":1,"11":1,"12":1,"13":0,"14":0,"15":0,"16":0,"17":0,"18":0,"19":0,"20":0,"21":0,"22":0,"23":0,"24":0,"25":0,"26":0,"27":0,"28":0,"29":0,"30":1,"31":1,"32":1,"33":1,"34":1,"35":0,"36":1,"37":1,"38":1,"39":1,"40":0,"41":1,"42":1,"43":1,"44":0,"45":0,"46":0,"47":0,"48":0,"49":0,"50":0,"51":1,"52":0,"53":0,"54":0,"55":0,"56":0,"57":0,"58":0,"59":0,"60":1},"f":{"0":0,"1":0,"2":0,"3":1,"4":1,"5":1,"6":0,"7":0},"b":{"0":[0,0],"1":[0,1],"2":[1,0],"3":[0,1],"4":[0,0]},"_coverageSchema":"1a1c01bbd47fc00a2c39e90264f33305004495a9","hash":"a36552a2191416cecb9b75596e091ed56c9586ad"}
}
